12-Feb-2021 18:37:39.526 INFORMACIÓN [main] sun.reflect.NativeMethodAccessorImpl.invoke Nombre de la versión del servidor:   Apache Tomcat (TomEE)/9.0.20 (8.0.0-M3)

12-Feb-2021 18:37:39.527 INFORMACIÓN [main] sun.reflect.NativeMethodAccessorImpl.invoke Server built:          May 3 2019 22:26:00 UTC
12-Feb-2021 18:37:39.527 INFORMACIÓN [main] sun.reflect.NativeMethodAccessorImpl.invoke Número de versión de servidor:         9.0.20.0
12-Feb-2021 18:37:39.527 INFORMACIÓN [main] sun.reflect.NativeMethodAccessorImpl.invoke OS Name:               Windows 10
12-Feb-2021 18:37:39.528 INFORMACIÓN [main] sun.reflect.NativeMethodAccessorImpl.invoke Versión de Systema Operativo:      10.0

12-Feb-2021 18:37:39.528 INFORMACIÓN [main] sun.reflect.NativeMethodAccessorImpl.invoke Arquitectura:          amd64

12-Feb-2021 18:37:39.528 INFORMACIÓN [main] sun.reflect.NativeMethodAccessorImpl.invoke Java Home:             C:\Program Files\Java\jre1.8.0_211
12-Feb-2021 18:37:39.528 INFORMACIÓN [main] sun.reflect.NativeMethodAccessorImpl.invoke JVM Version:           1.8.0_211-b12
12-Feb-2021 18:37:39.528 INFORMACIÓN [main] sun.reflect.NativeMethodAccessorImpl.invoke Vededor JVM:     Oracle Corporation
12-Feb-2021 18:37:39.528 INFORMACIÓN [main] sun.reflect.NativeMethodAccessorImpl.invoke CATALINA_BASE:         D:\blog\.distribution\apache-tomee
12-Feb-2021 18:37:39.528 INFORMACIÓN [main] sun.reflect.NativeMethodAccessorImpl.invoke CATALINA_HOME:         D:\blog\.distribution\apache-tomee
12-Feb-2021 18:37:39.532 INFORMACIÓN [main] sun.reflect.NativeMethodAccessorImpl.invoke Command line argument: -Djava.util.logging.config.file=D:\blog\.distribution\apache-tomee\conf\logging.properties
12-Feb-2021 18:37:39.532 INFORMACIÓN [main] sun.reflect.NativeMethodAccessorImpl.invoke Command line argument: -Djava.util.logging.manager=org.apache.juli.ClassLoaderLogManager
12-Feb-2021 18:37:39.532 INFORMACIÓN [main] sun.reflect.NativeMethodAccessorImpl.invoke Command line argument: -javaagent:D:\blog\.distribution\apache-tomee\lib\openejb-javaagent.jar
12-Feb-2021 18:37:39.533 INFORMACIÓN [main] sun.reflect.NativeMethodAccessorImpl.invoke Command line argument: -Djdk.tls.ephemeralDHKeySize=2048
12-Feb-2021 18:37:39.533 INFORMACIÓN [main] sun.reflect.NativeMethodAccessorImpl.invoke Command line argument: -Djava.protocol.handler.pkgs=org.apache.catalina.webresources
12-Feb-2021 18:37:39.533 INFORMACIÓN [main] sun.reflect.DelegatingMethodAccessorImpl.invoke Command line argument: -Dorg.apache.catalina.STRICT_SERVLET_COMPLIANCE=false
12-Feb-2021 18:37:39.533 INFORMACIÓN [main] sun.reflect.DelegatingMethodAccessorImpl.invoke Command line argument: -Dopenejb.session.manager=org.apache.tomee.catalina.session.QuickSessionManager
12-Feb-2021 18:37:39.534 INFORMACIÓN [main] sun.reflect.DelegatingMethodAccessorImpl.invoke Command line argument: -Dtomee.remote.support=true
12-Feb-2021 18:37:39.534 INFORMACIÓN [main] sun.reflect.DelegatingMethodAccessorImpl.invoke Command line argument: -Dopenejb.system.apps=false
12-Feb-2021 18:37:39.534 INFORMACIÓN [main] sun.reflect.DelegatingMethodAccessorImpl.invoke Command line argument: -Dtomee.noshutdownhook=true
12-Feb-2021 18:37:39.534 INFORMACIÓN [main] sun.reflect.DelegatingMethodAccessorImpl.invoke Command line argument: -Dtomee.jsp-development=true
12-Feb-2021 18:37:39.534 INFORMACIÓN [main] sun.reflect.DelegatingMethodAccessorImpl.invoke Command line argument: -Dignore.endorsed.dirs=
12-Feb-2021 18:37:39.534 INFORMACIÓN [main] sun.reflect.DelegatingMethodAccessorImpl.invoke Command line argument: -Dcatalina.base=D:\blog\.distribution\apache-tomee
12-Feb-2021 18:37:39.534 INFORMACIÓN [main] sun.reflect.DelegatingMethodAccessorImpl.invoke Command line argument: -Dcatalina.home=D:\blog\.distribution\apache-tomee
12-Feb-2021 18:37:39.534 INFORMACIÓN [main] sun.reflect.DelegatingMethodAccessorImpl.invoke Command line argument: -Djava.io.tmpdir=D:\blog\.distribution\apache-tomee\temp
12-Feb-2021 18:37:39.534 INFORMACIÓN [main] sun.reflect.DelegatingMethodAccessorImpl.invoke La biblioteca nativa de Apache Tomcat basada en ARP que permite un rendimiento óptimo en entornos de desarrollo no ha sido hallada en java.library.path: [C:\Program Files\Java\jre1.8.0_211\bin;C:\WINDOWS\Sun\Java\bin;C:\WINDOWS\system32;C:\WINDOWS;C:\Program Files\Microsoft MPI\Bin\;C:\oraclexe\app\oracle\product\11.2.0\server\bin;;C:\product\11.2.0\dbhome_1\bin;C:\ProgramData\DockerDesktop\version-bin;C:\Program Files\Docker\Docker\Resources\bin;C:\Rtools\bin;C:\ProgramData\Anaconda3;C:\ProgramData\Anaconda3\Library\mingw-w64\bin;C:\ProgramData\Anaconda3\Library\usr\bin;C:\ProgramData\Anaconda3\Library\bin;C:\ProgramData\Anaconda3\Scripts;C:\Program Files (x86)\Common Files\Oracle\Java\javapath;C:\ProgramData\Oracle\Java\javapath;C:\Program Files (x86)\Intel\iCLS Client\;C:\Program Files\Intel\iCLS Client\;C:\Windows\system32;C:\Windows;C:\Windows\System32\Wbem;C:\Windows\System32\WindowsPowerShell\v1.0\;C:\Program Files (x86)\NVIDIA Corporation\PhysX\Common;C:\Program Files (x86)\Intel\Intel(R) Management Engine Components\DAL;C:\Program Files\Intel\Intel(R) Management Engine Components\DAL;C:\Program Files (x86)\Intel\Intel(R) Management Engine Components\IPT;C:\Program Files\Intel\Intel(R) Management Engine Components\IPT;C:\Program Files\Java\jdk1.7.0_79;C:\WINDOWS\system32;C:\WINDOWS;C:\WINDOWS\System32\Wbem;C:\WINDOWS\System32\WindowsPowerShell\v1.0\;C:\Program Files\OpenVPN\bin;C:\Program Files\MongoDB\Server\3.4\bin;C:\Program Files\Intel\WiFi\bin\;C:\Program Files\Common Files\Intel\WirelessCommon\;D:\apache-maven-3.5.2\bin;C:\WINDOWS\System32\OpenSSH\;C:\Program Files\NVIDIA Corporation\NVIDIA NvDLISR;C:\Program Files\Git\cmd;C:\Program Files\PuTTY\;D:\apache-ant-1.10.7\bin;D:\apache-ant-1.10.7\bin;C:\Program Files\dotnet\;C:\Program Files\Microsoft SQL Server\130\Tools\Binn\;C:\Program Files\Microsoft SQL Server\Client SDK\ODBC\110\Tools\Binn\;C:\Program Files (x86)\Microsoft SQL Server\120\Tools\Binn\;C:\Program Files\Microsoft SQL Server\120\Tools\Binn\;C:\Program Files\Microsoft SQL Server\120\DTS\Binn\;C:\Program Files (x86)\Microsoft SQL Server\120\Tools\Binn\ManagementStudio\;C:\Program Files (x86)\Microsoft SQL Server\120\DTS\Binn\;C:\Program Files\nodejs\;C:\WINDOWS\system32;C:\WINDOWS;C:\WINDOWS\System32\Wbem;C:\WINDOWS\System32\WindowsPowerShell\v1.0\;C:\WINDOWS\System32\OpenSSH\;C:\Program Files (x86)\IBM\SPSS\Statistics\24\JRE\bin;C:\Program Files\Microsoft SQL Server\Client SDK\ODBC\170\Tools\Binn\;C:\Program Files (x86)\Microsoft SQL Server\150\Tools\Binn\;C:\Program Files\Microsoft SQL Server\150\Tools\Binn\;C:\Program Files\Microsoft SQL Server\150\DTS\Binn\;C:\Program Files (x86)\Microsoft SQL Server\150\DTS\Binn\;C:\Program Files\Azure Data Studio\bin;C:\Users\JSH\bin\Sencha\Cmd;C:\Program Files\MySQL\MySQL Shell 8.0\bin\;C:\Users\JSH\AppData\Local\GitHubDesktop\bin;C:\Users\JSH\AppData\Local\atom\bin;C:\Program Files (x86)\WinAnt\bin;D:\apache-ant-1.10.7\bin;C:\Users\JSH\.dotnet\tools;C:\Users\JSH\AppData\Local\Programs\Microsoft VS Code\bin;C:\Users\JSH\AppData\Roaming\npm;C:\Users\JSH\AppData\Local\Microsoft\WindowsApps;C:\Program Files\heroku\bin;C:\Program Files\Azure Data Studio\bin;.]
12-Feb-2021 18:37:40.026 INFORMACIÓN [main] sun.reflect.DelegatingMethodAccessorImpl.invoke Inicializando el manejador de protocolo ["http-nio-8080"]

12-Feb-2021 18:37:41.887 INFORMACIÓN [main] sun.reflect.DelegatingMethodAccessorImpl.invoke Inicializando el manejador de protocolo ["ajp-nio-8009"]

12-Feb-2021 18:37:42.390 INFORMACIÓN [main] org.apache.openejb.util.OptionsLog.info Using 'tomee.remote.support=true'
12-Feb-2021 18:37:42.408 INFORMACIÓN [main] org.apache.openejb.util.OptionsLog.info Using 'openejb.jdbc.datasource-creator=org.apache.tomee.jdbc.TomEEDataSourceCreator'
12-Feb-2021 18:37:42.576 INFORMACIÓN [main] org.apache.openejb.OpenEJB$Instance.<init> ********************************************************************************
12-Feb-2021 18:37:42.576 INFORMACIÓN [main] org.apache.openejb.OpenEJB$Instance.<init> OpenEJB http://tomee.apache.org/
12-Feb-2021 18:37:42.577 INFORMACIÓN [main] org.apache.openejb.OpenEJB$Instance.<init> Startup: Fri Feb 12 18:37:42 COT 2021
12-Feb-2021 18:37:42.577 INFORMACIÓN [main] org.apache.openejb.OpenEJB$Instance.<init> Copyright 1999-2018 (C) Apache OpenEJB Project, All Rights Reserved.
12-Feb-2021 18:37:42.577 INFORMACIÓN [main] org.apache.openejb.OpenEJB$Instance.<init> Version: 8.0.0-M3
12-Feb-2021 18:37:42.577 INFORMACIÓN [main] org.apache.openejb.OpenEJB$Instance.<init> Build date: 20190523
12-Feb-2021 18:37:42.577 INFORMACIÓN [main] org.apache.openejb.OpenEJB$Instance.<init> Build time: 12:13
12-Feb-2021 18:37:42.577 INFORMACIÓN [main] org.apache.openejb.OpenEJB$Instance.<init> ********************************************************************************
12-Feb-2021 18:37:42.577 INFORMACIÓN [main] org.apache.openejb.OpenEJB$Instance.<init> openejb.home = D:\blog\.distribution\apache-tomee
12-Feb-2021 18:37:42.577 INFORMACIÓN [main] org.apache.openejb.OpenEJB$Instance.<init> openejb.base = D:\blog\.distribution\apache-tomee
12-Feb-2021 18:37:42.582 INFORMACIÓN [main] org.apache.openejb.cdi.CdiBuilder.initializeOWB Created new singletonService org.apache.openejb.cdi.ThreadSingletonServiceImpl@76908cc0
12-Feb-2021 18:37:42.589 INFORMACIÓN [main] org.apache.openejb.cdi.CdiBuilder.initializeOWB Succeeded in installing singleton service
12-Feb-2021 18:37:42.645 INFORMACIÓN [main] org.apache.openejb.config.ConfigurationFactory.init TomEE configuration file is 'D:\blog\.distribution\apache-tomee\conf\tomee.xml'
12-Feb-2021 18:37:42.721 INFORMACIÓN [main] org.apache.openejb.config.ConfigurationFactory.configureService Configuring Service(id=Tomcat Security Service, type=SecurityService, provider-id=Tomcat Security Service)
12-Feb-2021 18:37:42.724 INFORMACIÓN [main] org.apache.openejb.config.ConfigurationFactory.configureService Configuring Service(id=Default Transaction Manager, type=TransactionManager, provider-id=Default Transaction Manager)
12-Feb-2021 18:37:42.727 INFORMACIÓN [main] org.apache.openejb.util.OptionsLog.info Using 'openejb.system.apps=false'
12-Feb-2021 18:37:42.728 INFORMACIÓN [main] org.apache.openejb.util.OptionsLog.info Using 'openejb.deployments.classpath=false'
12-Feb-2021 18:37:42.732 INFORMACIÓN [main] org.apache.openejb.assembler.classic.Assembler.createRecipe Creating TransactionManager(id=Default Transaction Manager)
12-Feb-2021 18:37:42.812 INFORMACIÓN [main] org.apache.openejb.assembler.classic.Assembler.createRecipe Creating SecurityService(id=Tomcat Security Service)
12-Feb-2021 18:37:42.953 INFORMACIÓN [main] org.apache.openejb.server.ServiceManager.initServer Creating ServerService(id=cxf-rs)
12-Feb-2021 18:37:43.194 INFORMACIÓN [main] org.apache.openejb.server.SimpleServiceManager.start   ** Bound Services **
12-Feb-2021 18:37:43.194 INFORMACIÓN [main] org.apache.openejb.server.SimpleServiceManager.printRow   NAME                 IP              PORT  
12-Feb-2021 18:37:43.194 INFORMACIÓN [main] org.apache.openejb.server.SimpleServiceManager.start -------
12-Feb-2021 18:37:43.195 INFORMACIÓN [main] org.apache.openejb.server.SimpleServiceManager.start Ready!
12-Feb-2021 18:37:43.195 INFORMACIÓN [main] org.apache.openejb.util.OptionsLog.info Using 'tomee.noshutdownhook=true'
12-Feb-2021 18:37:43.196 INFORMACIÓN [main] sun.reflect.DelegatingMethodAccessorImpl.invoke Server initialization in [3.980] milliseconds
12-Feb-2021 18:37:43.238 INFORMACIÓN [main] org.apache.tomee.catalina.OpenEJBNamingContextListener.bindResource Importing a Tomcat Resource with id 'UserDatabase' of type 'org.apache.catalina.UserDatabase'.
12-Feb-2021 18:37:43.238 INFORMACIÓN [main] org.apache.openejb.assembler.classic.Assembler.createRecipe Creating Resource(id=UserDatabase)
12-Feb-2021 18:37:43.262 INFORMACIÓN [main] sun.reflect.DelegatingMethodAccessorImpl.invoke Arrancando servicio [Catalina]
12-Feb-2021 18:37:43.263 INFORMACIÓN [main] sun.reflect.DelegatingMethodAccessorImpl.invoke Starting Servlet engine: [Apache Tomcat (TomEE)/9.0.20 (8.0.0-M3)]
12-Feb-2021 18:37:43.290 INFORMACIÓN [main] sun.reflect.DelegatingMethodAccessorImpl.invoke Despliegue del archivo [D:\blog\.distribution\apache-tomee\webapps\ROOT.war] de la aplicación web
12-Feb-2021 18:37:43.305 INFORMACIÓN [main] org.apache.tomee.catalina.TomcatWebAppBuilder.init ------------------------- localhost -> /
12-Feb-2021 18:37:43.309 INFORMACIÓN [main] org.apache.openejb.util.JarExtractor.extract Extracting jar: D:\blog\.distribution\apache-tomee\webapps\ROOT.war
12-Feb-2021 18:37:44.118 INFORMACIÓN [main] org.apache.openejb.util.JarExtractor.extract Extracted path: D:\blog\.distribution\apache-tomee\webapps\ROOT
12-Feb-2021 18:37:44.119 INFORMACIÓN [main] org.apache.openejb.util.OptionsLog.info Using 'openejb.session.manager=org.apache.tomee.catalina.session.QuickSessionManager'
12-Feb-2021 18:37:44.485 INFORMACIÓN [main] org.apache.openejb.util.OptionsLog.info Using 'tomee.mp.scan=all'
12-Feb-2021 18:37:45.805 INFORMACIÓN [main] org.apache.openejb.config.ConfigurationFactory.configureApplication Configuring enterprise application: D:\blog\.distribution\apache-tomee\webapps\ROOT
12-Feb-2021 18:37:46.470 INFORMACIÓN [main] org.apache.openejb.config.InitEjbDeployments.deploy Auto-deploying ejb PostRepository: EjbDeployment(deployment-id=PostRepository)
12-Feb-2021 18:37:46.477 INFORMACIÓN [main] org.apache.openejb.config.ConfigurationFactory.configureService Configuring Service(id=ROOT/jdbc/my_blog_datasource, type=Resource, provider-id=Default JDBC Database)
12-Feb-2021 18:37:46.478 INFORMACIÓN [main] org.apache.openejb.assembler.classic.Assembler.createRecipe Creating Resource(id=ROOT/jdbc/my_blog_datasource)
12-Feb-2021 18:37:47.631 INFORMACIÓN [main] org.apache.openejb.config.ConfigurationFactory.configureService Configuring Service(id=Default Stateless Container, type=Container, provider-id=Default Stateless Container)
12-Feb-2021 18:37:47.632 INFORMACIÓN [main] org.apache.openejb.config.AutoConfig.createContainer Auto-creating a container for bean PostRepository: Container(type=STATELESS, id=Default Stateless Container)
12-Feb-2021 18:37:47.632 INFORMACIÓN [main] org.apache.openejb.assembler.classic.Assembler.createRecipe Creating Container(id=Default Stateless Container)
12-Feb-2021 18:37:47.650 INFORMACIÓN [main] org.apache.openejb.config.AutoConfig.processResourceRef Auto-linking resource-ref 'openejb/Resource/ROOT/jdbc/my_blog_datasource' in bean PostRepository to Resource(id=ROOT/jdbc/my_blog_datasource)
12-Feb-2021 18:37:47.652 INFORMACIÓN [main] org.apache.openejb.config.AutoConfig.processResourceRef Auto-linking resource-ref 'openejb/Resource/jdbc/my_blog_datasource' in bean PostRepository to Resource(id=ROOT/jdbc/my_blog_datasource)
12-Feb-2021 18:37:47.654 INFORMACIÓN [main] org.apache.openejb.config.ConfigurationFactory.configureService Configuring Service(id=Default Managed Container, type=Container, provider-id=Default Managed Container)
12-Feb-2021 18:37:47.654 INFORMACIÓN [main] org.apache.openejb.config.AutoConfig.createContainer Auto-creating a container for bean .Comp81505591: Container(type=MANAGED, id=Default Managed Container)
12-Feb-2021 18:37:47.654 INFORMACIÓN [main] org.apache.openejb.assembler.classic.Assembler.createRecipe Creating Container(id=Default Managed Container)
12-Feb-2021 18:37:47.669 INFORMACIÓN [main] org.apache.openejb.core.managed.SimplePassivater.init Using directory D:\blog\.distribution\apache-tomee\temp for stateful session passivation
12-Feb-2021 18:37:47.691 INFORMACIÓN [main] org.apache.openejb.config.AutoConfig.processResourceRef Auto-linking resource-ref 'openejb/Resource/ROOT/jdbc/my_blog_datasource' in bean .Comp81505591 to Resource(id=ROOT/jdbc/my_blog_datasource)
12-Feb-2021 18:37:47.692 INFORMACIÓN [main] org.apache.openejb.config.AutoConfig.processResourceRef Auto-linking resource-ref 'openejb/Resource/jdbc/my_blog_datasource' in bean .Comp81505591 to Resource(id=ROOT/jdbc/my_blog_datasource)
12-Feb-2021 18:37:47.693 INFORMACIÓN [main] org.apache.openejb.config.AutoConfig.deploy Configuring PersistenceUnit(name=myBlog_PU, provider=org.hibernate.jpa.HibernatePersistenceProvider)
12-Feb-2021 18:37:47.694 INFORMACIÓN [main] org.apache.openejb.config.AutoConfig.logAutoCreateResource Auto-creating a Resource with id 'ROOT/jdbc/my_blog_datasourceNonJta' of type 'DataSource for 'myBlog_PU'.
12-Feb-2021 18:37:47.695 INFORMACIÓN [main] org.apache.openejb.config.AutoConfig.deploy Configuring Service(id=ROOT/jdbc/my_blog_datasourceNonJta, type=Resource, provider-id=ROOT/jdbc/my_blog_datasource)
12-Feb-2021 18:37:47.696 INFORMACIÓN [main] org.apache.openejb.assembler.classic.Assembler.createRecipe Creating Resource(id=ROOT/jdbc/my_blog_datasourceNonJta)
12-Feb-2021 18:37:48.580 INFORMACIÓN [main] org.apache.openejb.config.AutoConfig.setJtaDataSource Adjusting PersistenceUnit myBlog_PU <jta-data-source> to Resource ID 'ROOT/jdbc/my_blog_datasource' from 'jdbc/my_blog_datasource'
12-Feb-2021 18:37:48.580 INFORMACIÓN [main] org.apache.openejb.config.AutoConfig.setNonJtaDataSource Adjusting PersistenceUnit myBlog_PU <non-jta-data-source> to Resource ID 'ROOT/jdbc/my_blog_datasourceNonJta' from 'null'
12-Feb-2021 18:37:48.613 INFORMACIÓN [main] org.apache.openejb.config.AppInfoBuilder.build Enterprise application "D:\blog\.distribution\apache-tomee\webapps\ROOT" loaded.
12-Feb-2021 18:37:48.619 INFORMACIÓN [main] org.apache.openejb.assembler.classic.Assembler.createApplication Assembling app: D:\blog\.distribution\apache-tomee\webapps\ROOT
12-Feb-2021 18:37:48.730 INFORMACIÓN [main] org.apache.openejb.assembler.classic.JndiBuilder.bind Jndi(name=PostRepositoryLocalBean) --> Ejb(deployment-id=PostRepository)
12-Feb-2021 18:37:48.730 INFORMACIÓN [main] org.apache.openejb.assembler.classic.JndiBuilder.bind Jndi(name=global/PostRepository!com.pucese.blog.repositories.PostRepository) --> Ejb(deployment-id=PostRepository)
12-Feb-2021 18:37:48.732 INFORMACIÓN [main] org.apache.openejb.assembler.classic.JndiBuilder.bind Jndi(name=global/PostRepository) --> Ejb(deployment-id=PostRepository)
12-Feb-2021 18:37:48.768 INFORMACIÓN [main] org.apache.openejb.cdi.CdiBuilder.initSingleton Existing thread singleton service in SystemInstance(): org.apache.openejb.cdi.ThreadSingletonServiceImpl@76908cc0
12-Feb-2021 18:37:48.903 INFORMACIÓN [main] org.apache.openejb.cdi.OpenEJBLifecycle.startApplication OpenWebBeans Container is starting...
12-Feb-2021 18:37:48.917 INFORMACIÓN [main] org.apache.webbeans.plugins.PluginLoader.startUp Adding OpenWebBeansPlugin : [CdiPlugin]
12-Feb-2021 18:37:48.923 INFORMACIÓN [main] org.apache.openejb.cdi.CdiScanner.handleBda Using annotated mode for jar:file:/D:/blog/.distribution/apache-tomee/lib/geronimo-config-impl-1.2.1.jar!/META-INF/beans.xml looking all classes to find CDI beans, maybe think to add a beans.xml if not there or add the jar to exclusions.list
12-Feb-2021 18:37:49.589 INFORMACIÓN [main] org.apache.geronimo.config.configsource.PropertyFileConfigSourceProvider.<init> Custom config found by GeronimoConfig. Name: 'META-INF/microprofile-config.properties', URL: 'file:/D:/blog/.distribution/apache-tomee/webapps/ROOT/WEB-INF/classes/META-INF/microprofile-config.properties'
12-Feb-2021 18:37:49.596 INFORMACIÓN [main] org.apache.openejb.util.OptionsLog.info Using 'tomee.mp.scan=all'
12-Feb-2021 18:37:50.941 INFORMACIÓN [main] org.apache.webbeans.config.BeansDeployer.validateInjectionPoints All injection points were validated successfully.
12-Feb-2021 18:37:50.991 INFORMACIÓN [main] org.apache.openejb.cdi.OpenEJBLifecycle.startApplication OpenWebBeans Container has started, it took 2087 ms.
12-Feb-2021 18:37:51.014 INFORMACIÓN [main] org.apache.openejb.assembler.classic.Assembler.startEjbs Created Ejb(deployment-id=PostRepository, ejb-name=PostRepository, container=Default Stateless Container)
12-Feb-2021 18:37:51.044 INFORMACIÓN [main] org.apache.openejb.assembler.classic.Assembler.startEjbs Started Ejb(deployment-id=PostRepository, ejb-name=PostRepository, container=Default Stateless Container)
12-Feb-2021 18:37:51.054 INFORMACIÓN [main] org.apache.openejb.assembler.classic.Assembler.createApplication Deployed Application(path=D:\blog\.distribution\apache-tomee\webapps\ROOT)
12-Feb-2021 18:37:51.269 INFORMACIÓN [main] org.apache.myfaces.ee.MyFacesContainerInitializer.onStartup Using org.apache.myfaces.ee.MyFacesContainerInitializer
12-Feb-2021 18:37:51.321 INFORMACIÓN [main] org.apache.myfaces.ee.MyFacesContainerInitializer.onStartup Added FacesServlet with mappings=[/faces/*, *.jsf, *.faces, *.xhtml]
12-Feb-2021 18:37:51.403 INFORMACIÓN [main] org.apache.jasper.servlet.TldScanner.scanJars Al menos un JAR, que se ha explorado buscando TLDs, aún no contenía TLDs. Activar historial de depuración para este historiador para una completa lista de los JARs que fueron explorados y de los que nos se halló TLDs. Saltarse JARs no necesarios durante la exploración puede dar lugar a una mejora de tiempo significativa en el arranque y compilación de JSP .
12-Feb-2021 18:37:51.420 INFORMACIÓN [main] org.apache.tomee.myfaces.TomEEMyFacesContainerInitializer.addListener Installing <listener>org.apache.myfaces.webapp.StartupServletContextListener</listener>
12-Feb-2021 18:37:51.535 INFORMACIÓN [main] org.apache.myfaces.config.DefaultFacesConfigurationProvider.getStandardFacesConfig Reading standard config META-INF/standard-faces-config.xml
12-Feb-2021 18:37:51.944 INFORMACIÓN [main] org.apache.myfaces.config.DefaultFacesConfigurationProvider.getClassloaderFacesConfig Reading config : jar:file:/D:/blog/.distribution/apache-tomee/lib/openwebbeans-el22-2.0.9.jar!/META-INF/faces-config.xml
12-Feb-2021 18:37:51.946 INFORMACIÓN [main] org.apache.myfaces.config.DefaultFacesConfigurationProvider.getClassloaderFacesConfig Reading config : jar:file:/D:/blog/.distribution/apache-tomee/lib/openwebbeans-jsf-2.0.9.jar!/META-INF/faces-config.xml
12-Feb-2021 18:37:52.229 INFORMACIÓN [main] org.apache.myfaces.config.LogMetaInfUtils.logArtifact Artifact 'myfaces-api' was found in version '2.3.3' from path 'file:/D:/blog/.distribution/apache-tomee/lib/myfaces-api-2.3.3.jar'
12-Feb-2021 18:37:52.230 INFORMACIÓN [main] org.apache.myfaces.config.LogMetaInfUtils.logArtifact Artifact 'myfaces-impl' was found in version '2.3.3' from path 'file:/D:/blog/.distribution/apache-tomee/lib/myfaces-impl-2.3.3.jar'
12-Feb-2021 18:37:52.254 INFORMACIÓN [main] org.apache.myfaces.util.ExternalSpecifications.isCDIAvailable MyFaces CDI support enabled
12-Feb-2021 18:37:52.256 INFORMACIÓN [main] org.apache.myfaces.spi.impl.DefaultInjectionProviderFactory.getInjectionProvider Using InjectionProvider org.apache.myfaces.spi.impl.CDIAnnotationDelegateInjectionProvider
12-Feb-2021 18:37:52.349 INFORMACIÓN [main] org.apache.myfaces.util.ExternalSpecifications.isBeanValidationAvailable MyFaces Bean Validation support enabled
12-Feb-2021 18:37:52.406 INFORMACIÓN [main] org.apache.myfaces.application.ApplicationImpl.getProjectStage Couldn't discover the current project stage, using Production
12-Feb-2021 18:37:52.407 INFORMACIÓN [main] org.apache.myfaces.config.FacesConfigurator.handleSerialFactory Serialization provider : class org.apache.myfaces.shared_impl.util.serial.DefaultSerialFactory
12-Feb-2021 18:37:52.419 INFORMACIÓN [main] org.apache.myfaces.config.annotation.DefaultLifecycleProviderFactory.getLifecycleProvider Using LifecycleProvider org.apache.myfaces.config.annotation.Tomcat7AnnotationLifecycleProvider
12-Feb-2021 18:37:54.343 INFORMACIÓN [main] org.apache.myfaces.webapp.AbstractFacesInitializer.initFaces ServletContext initialized.
12-Feb-2021 18:37:54.349 INFORMACIÓN [main] org.apache.myfaces.view.facelets.ViewPoolProcessor.initialize org.apache.myfaces.CACHE_EL_EXPRESSIONS web config parameter is set to "noCache". To enable view pooling this param must be set to "alwaysRecompile". View Pooling disabled.
12-Feb-2021 18:37:54.375 INFORMACIÓN [main] org.apache.myfaces.webapp.StartupServletContextListener.contextInitialized MyFaces Core has started, it took [2946] ms.
12-Feb-2021 18:37:54.407 INFORMACIÓN [main] org.apache.openejb.util.OptionsLog.info Using 'openejb.cxf-rs.cache-application=false'
12-Feb-2021 18:37:54.820 INFORMACIÓN [main] org.apache.openejb.server.cxf.rs.CxfRsHttpListener.deployApplication Using readers:
12-Feb-2021 18:37:54.820 INFORMACIÓN [main] org.apache.openejb.server.cxf.rs.CxfRsHttpListener.deployApplication      org.apache.cxf.jaxrs.provider.PrimitiveTextProvider@7294a684
12-Feb-2021 18:37:54.820 INFORMACIÓN [main] org.apache.openejb.server.cxf.rs.CxfRsHttpListener.deployApplication      org.apache.cxf.jaxrs.provider.FormEncodingProvider@465d1345
12-Feb-2021 18:37:54.820 INFORMACIÓN [main] org.apache.openejb.server.cxf.rs.CxfRsHttpListener.deployApplication      org.apache.cxf.jaxrs.provider.MultipartProvider@62cf86d6
12-Feb-2021 18:37:54.820 INFORMACIÓN [main] org.apache.openejb.server.cxf.rs.CxfRsHttpListener.deployApplication      org.apache.cxf.jaxrs.provider.SourceProvider@2a6c751f
12-Feb-2021 18:37:54.820 INFORMACIÓN [main] org.apache.openejb.server.cxf.rs.CxfRsHttpListener.deployApplication      org.apache.cxf.jaxrs.provider.JAXBElementTypedProvider@6dd2e453
12-Feb-2021 18:37:54.821 INFORMACIÓN [main] org.apache.openejb.server.cxf.rs.CxfRsHttpListener.deployApplication      org.apache.cxf.jaxrs.provider.JAXBElementProvider@433b1597
12-Feb-2021 18:37:54.821 INFORMACIÓN [main] org.apache.openejb.server.cxf.rs.CxfRsHttpListener.deployApplication      org.apache.openejb.server.cxf.rs.johnzon.TomEEJsonbProvider@2cdcfaa6
12-Feb-2021 18:37:54.821 INFORMACIÓN [main] org.apache.openejb.server.cxf.rs.CxfRsHttpListener.deployApplication      org.apache.openejb.server.cxf.rs.johnzon.TomEEJsonpProvider@2762253e
12-Feb-2021 18:37:54.821 INFORMACIÓN [main] org.apache.openejb.server.cxf.rs.CxfRsHttpListener.deployApplication      org.apache.cxf.jaxrs.provider.StringTextProvider@6651efa4
12-Feb-2021 18:37:54.821 INFORMACIÓN [main] org.apache.openejb.server.cxf.rs.CxfRsHttpListener.deployApplication      org.apache.cxf.jaxrs.provider.BinaryDataProvider@1ac25dbb
12-Feb-2021 18:37:54.821 INFORMACIÓN [main] org.apache.openejb.server.cxf.rs.CxfRsHttpListener.deployApplication      org.apache.cxf.jaxrs.provider.DataSourceProvider@4db568e1
12-Feb-2021 18:37:54.821 INFORMACIÓN [main] org.apache.openejb.server.cxf.rs.CxfRsHttpListener.deployApplication Using writers:
12-Feb-2021 18:37:54.822 INFORMACIÓN [main] org.apache.openejb.server.cxf.rs.CxfRsHttpListener.deployApplication      org.apache.johnzon.jaxrs.WadlDocumentMessageBodyWriter@7bc8ffbc
12-Feb-2021 18:37:54.822 INFORMACIÓN [main] org.apache.openejb.server.cxf.rs.CxfRsHttpListener.deployApplication      org.apache.cxf.jaxrs.nio.NioMessageBodyWriter@120d13ae
12-Feb-2021 18:37:54.822 INFORMACIÓN [main] org.apache.openejb.server.cxf.rs.CxfRsHttpListener.deployApplication      org.apache.cxf.jaxrs.provider.StringTextProvider@6651efa4
12-Feb-2021 18:37:54.823 INFORMACIÓN [main] org.apache.openejb.server.cxf.rs.CxfRsHttpListener.deployApplication      org.apache.cxf.jaxrs.provider.JAXBElementTypedProvider@6dd2e453
12-Feb-2021 18:37:54.823 INFORMACIÓN [main] org.apache.openejb.server.cxf.rs.CxfRsHttpListener.deployApplication      org.apache.cxf.jaxrs.provider.PrimitiveTextProvider@7294a684
12-Feb-2021 18:37:54.823 INFORMACIÓN [main] org.apache.openejb.server.cxf.rs.CxfRsHttpListener.deployApplication      org.apache.cxf.jaxrs.provider.FormEncodingProvider@465d1345
12-Feb-2021 18:37:54.823 INFORMACIÓN [main] org.apache.openejb.server.cxf.rs.CxfRsHttpListener.deployApplication      org.apache.cxf.jaxrs.provider.MultipartProvider@62cf86d6
12-Feb-2021 18:37:54.823 INFORMACIÓN [main] org.apache.openejb.server.cxf.rs.CxfRsHttpListener.deployApplication      org.apache.geronimo.microprofile.openapi.jaxrs.JacksonOpenAPIYamlBodyWriter@1aaaabd1
12-Feb-2021 18:37:54.823 INFORMACIÓN [main] org.apache.openejb.server.cxf.rs.CxfRsHttpListener.deployApplication      org.apache.cxf.jaxrs.provider.SourceProvider@2a6c751f
12-Feb-2021 18:37:54.823 INFORMACIÓN [main] org.apache.openejb.server.cxf.rs.CxfRsHttpListener.deployApplication      org.apache.cxf.jaxrs.provider.JAXBElementProvider@433b1597
12-Feb-2021 18:37:54.823 INFORMACIÓN [main] org.apache.openejb.server.cxf.rs.CxfRsHttpListener.deployApplication      org.apache.openejb.server.cxf.rs.johnzon.TomEEJsonbProvider@2cdcfaa6
12-Feb-2021 18:37:54.823 INFORMACIÓN [main] org.apache.openejb.server.cxf.rs.CxfRsHttpListener.deployApplication      org.apache.openejb.server.cxf.rs.johnzon.TomEEJsonpProvider@2762253e
12-Feb-2021 18:37:54.824 INFORMACIÓN [main] org.apache.openejb.server.cxf.rs.CxfRsHttpListener.deployApplication      org.apache.cxf.jaxrs.provider.BinaryDataProvider@1ac25dbb
12-Feb-2021 18:37:54.824 INFORMACIÓN [main] org.apache.openejb.server.cxf.rs.CxfRsHttpListener.deployApplication      org.apache.cxf.jaxrs.provider.DataSourceProvider@4db568e1
12-Feb-2021 18:37:54.824 INFORMACIÓN [main] org.apache.openejb.server.cxf.rs.CxfRsHttpListener.deployApplication Using exception mappers:
12-Feb-2021 18:37:54.824 INFORMACIÓN [main] org.apache.openejb.server.cxf.rs.CxfRsHttpListener.deployApplication      org.apache.cxf.jaxrs.impl.WebApplicationExceptionMapper@751bb780
12-Feb-2021 18:37:54.824 INFORMACIÓN [main] org.apache.openejb.server.cxf.rs.CxfRsHttpListener.deployApplication      org.apache.tomee.microprofile.jwt.MPJWTFilter$MPJWTExceptionMapper@2919aff3
12-Feb-2021 18:37:54.824 INFORMACIÓN [main] org.apache.openejb.server.cxf.rs.CxfRsHttpListener.deployApplication      org.apache.openejb.server.cxf.rs.EJBExceptionMapper@4544ab46
12-Feb-2021 18:37:54.824 INFORMACIÓN [main] org.apache.openejb.server.cxf.rs.CxfRsHttpListener.deployApplication      org.apache.cxf.jaxrs.validation.ValidationExceptionMapper@639948a2
12-Feb-2021 18:37:54.829 INFORMACIÓN [main] org.apache.openejb.server.cxf.rs.CxfRsHttpListener.logEndpoints REST Application: http://localhost:8080/data                             -> com.pucese.blog.BlogRestApplication@49f2646
12-Feb-2021 18:37:54.834 INFORMACIÓN [main] org.apache.openejb.server.cxf.rs.CxfRsHttpListener.logEndpoints      Service URI: http://localhost:8080/data/health                      -> Pojo org.apache.geronimo.microprofile.impl.health.cdi.CdiHealthChecksEndpoint
12-Feb-2021 18:37:54.834 INFORMACIÓN [main] org.apache.openejb.server.cxf.rs.CxfRsHttpListener.logEndpoints               GET http://localhost:8080/data/health                      ->      Response getChecks()
12-Feb-2021 18:37:54.835 INFORMACIÓN [main] org.apache.openejb.server.cxf.rs.CxfRsHttpListener.logEndpoints      Service URI: http://localhost:8080/data/hello                       -> Pojo com.pucese.blog.HelloController                                         
12-Feb-2021 18:37:54.835 INFORMACIÓN [main] org.apache.openejb.server.cxf.rs.CxfRsHttpListener.logEndpoints               GET http://localhost:8080/data/hello                       ->      String sayHello()
12-Feb-2021 18:37:54.836 INFORMACIÓN [main] org.apache.openejb.server.cxf.rs.CxfRsHttpListener.logEndpoints      Service URI: http://localhost:8080/data/metrics                     -> Pojo org.apache.geronimo.microprofile.metrics.jaxrs.CdiMetricsEndpoints      
12-Feb-2021 18:37:54.836 INFORMACIÓN [main] org.apache.openejb.server.cxf.rs.CxfRsHttpListener.logEndpoints               GET http://localhost:8080/data/metrics                     ->      Object getJson(SecurityContext, UriInfo)                    
12-Feb-2021 18:37:54.836 INFORMACIÓN [main] org.apache.openejb.server.cxf.rs.CxfRsHttpListener.logEndpoints               GET http://localhost:8080/data/metrics                     ->      String getText(SecurityContext, UriInfo)                    
12-Feb-2021 18:37:54.836 INFORMACIÓN [main] org.apache.openejb.server.cxf.rs.CxfRsHttpListener.logEndpoints               GET http://localhost:8080/data/metrics/{registry}          ->      Object getJson(String, SecurityContext, UriInfo)            
12-Feb-2021 18:37:54.836 INFORMACIÓN [main] org.apache.openejb.server.cxf.rs.CxfRsHttpListener.logEndpoints               GET http://localhost:8080/data/metrics/{registry}          ->      String getText(String, SecurityContext, UriInfo)            
12-Feb-2021 18:37:54.837 INFORMACIÓN [main] org.apache.openejb.server.cxf.rs.CxfRsHttpListener.logEndpoints               GET http://localhost:8080/data/metrics/{registry}/{metric} ->      Object getJson(String, String, SecurityContext, UriInfo)    
12-Feb-2021 18:37:54.837 INFORMACIÓN [main] org.apache.openejb.server.cxf.rs.CxfRsHttpListener.logEndpoints               GET http://localhost:8080/data/metrics/{registry}/{metric} ->      String getText(String, String, SecurityContext, UriInfo)    
12-Feb-2021 18:37:54.837 INFORMACIÓN [main] org.apache.openejb.server.cxf.rs.CxfRsHttpListener.logEndpoints           OPTIONS http://localhost:8080/data/metrics/{registry}          ->      Object getMetadata(String, SecurityContext, UriInfo)        
12-Feb-2021 18:37:54.837 INFORMACIÓN [main] org.apache.openejb.server.cxf.rs.CxfRsHttpListener.logEndpoints           OPTIONS http://localhost:8080/data/metrics/{registry}/{metric} ->      Object getMetadata(String, String, SecurityContext, UriInfo)
12-Feb-2021 18:37:54.838 INFORMACIÓN [main] org.apache.openejb.server.cxf.rs.CxfRsHttpListener.logEndpoints      Service URI: http://localhost:8080/data/openapi                     -> Pojo org.apache.geronimo.microprofile.openapi.jaxrs.OpenAPIEndpoint          
12-Feb-2021 18:37:54.838 INFORMACIÓN [main] org.apache.openejb.server.cxf.rs.CxfRsHttpListener.logEndpoints               GET http://localhost:8080/data/openapi                     ->      OpenAPI get()
12-Feb-2021 18:37:54.838 INFORMACIÓN [main] org.apache.openejb.server.cxf.rs.CxfRsHttpListener.logEndpoints      Service URI: http://localhost:8080/data/posts                       -> Pojo com.pucese.blog.resources.PostResource                                  
12-Feb-2021 18:37:54.838 INFORMACIÓN [main] org.apache.openejb.server.cxf.rs.CxfRsHttpListener.logEndpoints            DELETE http://localhost:8080/data/posts/{id}                  ->      Response delete(Long)          
12-Feb-2021 18:37:54.839 INFORMACIÓN [main] org.apache.openejb.server.cxf.rs.CxfRsHttpListener.logEndpoints               GET http://localhost:8080/data/posts                       ->      Response getAllPosts()         
12-Feb-2021 18:37:54.839 INFORMACIÓN [main] org.apache.openejb.server.cxf.rs.CxfRsHttpListener.logEndpoints               GET http://localhost:8080/data/posts/{id}                  ->      Response getPostById(Long)     
12-Feb-2021 18:37:54.839 INFORMACIÓN [main] org.apache.openejb.server.cxf.rs.CxfRsHttpListener.logEndpoints              POST http://localhost:8080/data/posts                       ->      Response create(Posts, UriInfo)
12-Feb-2021 18:37:54.839 INFORMACIÓN [main] org.apache.openejb.server.cxf.rs.CxfRsHttpListener.logEndpoints               PUT http://localhost:8080/data/posts/{id}                  ->      Response update(Long, Posts)   
12-Feb-2021 18:37:54.926 INFORMACIÓN [main] sun.reflect.DelegatingMethodAccessorImpl.invoke Deployment of web application archive [D:\blog\.distribution\apache-tomee\webapps\ROOT.war] has finished in [11.636] ms
12-Feb-2021 18:37:54.941 INFORMACIÓN [main] org.apache.catalina.core.StandardContext.setClassLoaderProperty Unable to set the web application class loader property [clearReferencesRmiTargets] to [true] as the property does not exist.
12-Feb-2021 18:37:54.942 INFORMACIÓN [main] org.apache.catalina.core.StandardContext.setClassLoaderProperty Unable to set the web application class loader property [clearReferencesObjectStreamClassCaches] to [true] as the property does not exist.
12-Feb-2021 18:37:54.942 INFORMACIÓN [main] org.apache.catalina.core.StandardContext.setClassLoaderProperty Unable to set the web application class loader property [clearReferencesObjectStreamClassCaches] to [true] as the property does not exist.
12-Feb-2021 18:37:54.942 INFORMACIÓN [main] org.apache.catalina.core.StandardContext.setClassLoaderProperty Unable to set the web application class loader property [clearReferencesThreadLocals] to [true] as the property does not exist.
12-Feb-2021 18:37:54.957 INFORMACIÓN [main] sun.reflect.DelegatingMethodAccessorImpl.invoke Starting ProtocolHandler ["http-nio-8080"]
12-Feb-2021 18:37:54.972 INFORMACIÓN [main] sun.reflect.DelegatingMethodAccessorImpl.invoke Starting ProtocolHandler ["ajp-nio-8009"]
12-Feb-2021 18:37:54.978 INFORMACIÓN [main] sun.reflect.DelegatingMethodAccessorImpl.invoke Server startup in [11.781] milliseconds
12-Feb-2021 18:37:55.301 INFO [http-nio-8080-exec-2] org.hibernate.jpa.internal.util.LogHelper.logPersistenceUnitInformation HHH000204: Processing PersistenceUnitInfo [name: myBlog_PU]
12-Feb-2021 18:37:55.607 INFO [http-nio-8080-exec-2] org.hibernate.Version.logVersion HHH000412: Hibernate Core {5.4.3.Final}
12-Feb-2021 18:37:56.143 INFO [http-nio-8080-exec-2] org.hibernate.annotations.common.reflection.java.JavaReflectionManager.<clinit> HCANN000001: Hibernate Commons Annotations {5.1.0.Final}
12-Feb-2021 18:37:56.692 INFO [http-nio-8080-exec-2] org.hibernate.dialect.Dialect.<init> HHH000400: Using dialect: org.hibernate.dialect.PostgreSQL9Dialect
12-Feb-2021 18:37:58.963 INFO [http-nio-8080-exec-2] org.hibernate.engine.transaction.jta.platform.internal.JtaPlatformInitiator.initiateService HHH000490: Using JtaPlatform implementation: [org.apache.openejb.hibernate.OpenEJBJtaPlatform2]
12-Feb-2021 18:37:59.292 INFORMACIÓN [http-nio-8080-exec-2] org.apache.openejb.assembler.classic.ReloadableEntityManagerFactory.createDelegate PersistenceUnit(name=myBlog_PU, provider=org.hibernate.jpa.HibernatePersistenceProvider) - provider time 4098ms
12-Feb-2021 18:42:34.873 ADVERTENCIA [http-nio-8080-exec-4] org.apache.geronimo.transaction.manager.TransactionImpl.beforeCompletion Unexpected exception from beforeCompletion; transaction will roll back
	javax.validation.ConstraintViolationException: Validation failed for classes [com.pucese.blog.entities.Posts] during persist time for groups [javax.validation.groups.Default, ]
List of constraint violations:[
	ConstraintViolationImpl{rootBean=com.pucese.blog.entities.Posts@3349319c, propertyPath='body', message='el tamaño tiene que estar comprendido entre 10 y 1000', leafBean=com.pucese.blog.entities.Posts@3349319c, value=juan}
]
		at org.hibernate.cfg.beanvalidation.BeanValidationEventListener.validate(BeanValidationEventListener.java:140)
		at org.hibernate.cfg.beanvalidation.BeanValidationEventListener.onPreInsert(BeanValidationEventListener.java:80)
		at org.hibernate.action.internal.EntityInsertAction.preInsert(EntityInsertAction.java:209)
		at org.hibernate.action.internal.EntityInsertAction.execute(EntityInsertAction.java:83)
		at org.hibernate.engine.spi.ActionQueue.executeActions(ActionQueue.java:604)
		at org.hibernate.engine.spi.ActionQueue.executeActions(ActionQueue.java:478)
		at org.hibernate.event.internal.AbstractFlushingEventListener.performExecutions(AbstractFlushingEventListener.java:356)
		at org.hibernate.event.internal.DefaultFlushEventListener.onFlush(DefaultFlushEventListener.java:39)
		at org.hibernate.internal.SessionImpl.doFlush(SessionImpl.java:1483)
		at org.hibernate.internal.SessionImpl.managedFlush(SessionImpl.java:514)
		at org.hibernate.internal.SessionImpl.flushBeforeTransactionCompletion(SessionImpl.java:3353)
		at org.hibernate.internal.SessionImpl.beforeTransactionCompletion(SessionImpl.java:2525)
		at org.hibernate.engine.jdbc.internal.JdbcCoordinatorImpl.beforeTransactionCompletion(JdbcCoordinatorImpl.java:473)
		at org.hibernate.resource.transaction.backend.jta.internal.JtaTransactionCoordinatorImpl.beforeCompletion(JtaTransactionCoordinatorImpl.java:352)
		at org.hibernate.resource.transaction.backend.jta.internal.synchronization.SynchronizationCallbackCoordinatorNonTrackingImpl.beforeCompletion(SynchronizationCallbackCoordinatorNonTrackingImpl.java:47)
		at org.hibernate.resource.transaction.backend.jta.internal.synchronization.RegisteredSynchronization.beforeCompletion(RegisteredSynchronization.java:37)
		at org.apache.geronimo.transaction.manager.TransactionImpl.beforeCompletion(TransactionImpl.java:527)
		at org.apache.geronimo.transaction.manager.TransactionImpl.beforeCompletion(TransactionImpl.java:511)
		at org.apache.geronimo.transaction.manager.TransactionImpl.beforePrepare(TransactionImpl.java:413)
		at org.apache.geronimo.transaction.manager.TransactionImpl.commit(TransactionImpl.java:262)
		at org.apache.geronimo.transaction.manager.TransactionManagerImpl.commit(TransactionManagerImpl.java:252)
		at org.apache.openejb.core.transaction.JtaTransactionPolicy.completeTransaction(JtaTransactionPolicy.java:331)
		at org.apache.openejb.core.transaction.TxRequired.commit(TxRequired.java:76)
		at org.apache.openejb.core.transaction.EjbTransactionUtil.afterInvoke(EjbTransactionUtil.java:77)
		at org.apache.openejb.core.stateless.StatelessContainer._invoke(StatelessContainer.java:271)
		at org.apache.openejb.core.stateless.StatelessContainer.invoke(StatelessContainer.java:212)
		at org.apache.openejb.core.ivm.EjbObjectProxyHandler.synchronizedBusinessMethod(EjbObjectProxyHandler.java:265)
		at org.apache.openejb.core.ivm.EjbObjectProxyHandler.businessMethod(EjbObjectProxyHandler.java:260)
		at org.apache.openejb.core.ivm.EjbObjectProxyHandler._invoke(EjbObjectProxyHandler.java:89)
		at org.apache.openejb.core.ivm.BaseEjbProxyHandler.invoke(BaseEjbProxyHandler.java:349)
		at com.pucese.blog.repositories.PostRepository$$LocalBeanProxy.create(com/pucese/blog/repositories/PostRepository.java)
		at com.pucese.blog.resources.PostResource.create(PostResource.java:35)
		at com.pucese.blog.resources.PostResource$$OwbNormalScopeProxy0.create(com/pucese/blog/resources/PostResource.java)
		at sun.reflect.NativeMethodAccessorImpl.invoke0(Native Method)
		at sun.reflect.NativeMethodAccessorImpl.invoke(Unknown Source)
		at sun.reflect.DelegatingMethodAccessorImpl.invoke(Unknown Source)
		at java.lang.reflect.Method.invoke(Unknown Source)
		at org.apache.openejb.server.cxf.rs.PojoInvoker.performInvocation(PojoInvoker.java:43)
		at org.apache.cxf.service.invoker.AbstractInvoker.invoke(AbstractInvoker.java:96)
		at org.apache.cxf.jaxrs.JAXRSInvoker.invoke(JAXRSInvoker.java:193)
		at org.apache.cxf.jaxrs.JAXRSInvoker.invoke(JAXRSInvoker.java:103)
		at org.apache.openejb.server.cxf.rs.AutoJAXRSInvoker.invoke(AutoJAXRSInvoker.java:68)
		at org.apache.cxf.interceptor.ServiceInvokerInterceptor$1.run(ServiceInvokerInterceptor.java:59)
		at org.apache.cxf.interceptor.ServiceInvokerInterceptor.handleMessage(ServiceInvokerInterceptor.java:96)
		at org.apache.cxf.phase.PhaseInterceptorChain.doIntercept(PhaseInterceptorChain.java:308)
		at org.apache.cxf.transport.ChainInitiationObserver.onMessage(ChainInitiationObserver.java:121)
		at org.apache.cxf.transport.http.AbstractHTTPDestination.invoke(AbstractHTTPDestination.java:267)
		at org.apache.openejb.server.cxf.rs.CxfRsHttpListener.doInvoke(CxfRsHttpListener.java:258)
		at org.apache.tomee.webservices.CXFJAXRSFilter.doFilter(CXFJAXRSFilter.java:99)
		at org.apache.catalina.core.ApplicationFilterChain.internalDoFilter(ApplicationFilterChain.java:193)
		at org.apache.catalina.core.ApplicationFilterChain.doFilter(ApplicationFilterChain.java:166)
		at org.apache.tomcat.websocket.server.WsFilter.doFilter(WsFilter.java:53)
		at org.apache.catalina.core.ApplicationFilterChain.internalDoFilter(ApplicationFilterChain.java:193)
		at org.apache.catalina.core.ApplicationFilterChain.doFilter(ApplicationFilterChain.java:166)
		at org.apache.openejb.server.httpd.EEFilter.doFilter(EEFilter.java:65)
		at org.apache.catalina.core.ApplicationFilterChain.internalDoFilter(ApplicationFilterChain.java:193)
		at org.apache.catalina.core.ApplicationFilterChain.doFilter(ApplicationFilterChain.java:166)
		at org.apache.catalina.core.StandardWrapperValve.invoke(StandardWrapperValve.java:200)
		at org.apache.catalina.core.StandardContextValve.invoke(StandardContextValve.java:96)
		at org.apache.tomee.catalina.OpenEJBValve.invoke(OpenEJBValve.java:45)
		at org.apache.catalina.authenticator.AuthenticatorBase.invoke(AuthenticatorBase.java:490)
		at org.apache.catalina.core.StandardHostValve.invoke(StandardHostValve.java:139)
		at org.apache.catalina.valves.ErrorReportValve.invoke(ErrorReportValve.java:92)
		at org.apache.tomee.catalina.OpenEJBSecurityListener$RequestCapturer.invoke(OpenEJBSecurityListener.java:97)
		at org.apache.catalina.valves.AbstractAccessLogValve.invoke(AbstractAccessLogValve.java:678)
		at org.apache.catalina.core.StandardEngineValve.invoke(StandardEngineValve.java:74)
		at org.apache.catalina.connector.CoyoteAdapter.service(CoyoteAdapter.java:343)
		at org.apache.coyote.http11.Http11Processor.service(Http11Processor.java:408)
		at org.apache.coyote.AbstractProcessorLight.process(AbstractProcessorLight.java:66)
		at org.apache.coyote.AbstractProtocol$ConnectionHandler.process(AbstractProtocol.java:836)
		at org.apache.tomcat.util.net.NioEndpoint$SocketProcessor.doRun(NioEndpoint.java:1839)
		at org.apache.tomcat.util.net.SocketProcessorBase.run(SocketProcessorBase.java:49)
		at java.util.concurrent.ThreadPoolExecutor.runWorker(Unknown Source)
		at java.util.concurrent.ThreadPoolExecutor$Worker.run(Unknown Source)
		at org.apache.tomcat.util.threads.TaskThread$WrappingRunnable.run(TaskThread.java:61)
		at java.lang.Thread.run(Unknown Source)
